[5143] 05 Oct 22:39:40.565 # Warning: no config file specified, using the default config. In order to specify a config file use redis-server /path/to/redis.conf
[5143] 05 Oct 22:39:40.566 # You requested maxclients of 10000 requiring at least 10032 max file descriptors.
[5143] 05 Oct 22:39:40.566 # Redis can't set maximum open files to 10032 because of OS error: Operation not permitted.
[5143] 05 Oct 22:39:40.566 # Current maximum open files is 1024. maxclients has been reduced to 4064 to compensate for low ulimit. If you need higher maxclients increase 'ulimit -n'.
                _._                                                  
           _.-``__ ''-._                                             
      _.-``    `.  `_.  ''-._           Redis 2.8.17 (00000000/0) 64 bit
  .-`` .-```.  ```\/    _.,_ ''-._                                   
 (    '      ,       .-`  | `,    )     Running in stand alone mode
 |`-._`-...-` __...-.``-._|'` _.-'|     Port: 6379
 |    `-._   `._    /     _.-'    |     PID: 5143
  `-._    `-._  `-./  _.-'    _.-'                                   
 |`-._`-._    `-.__.-'    _.-'_.-'|                                  
 |    `-._`-._        _.-'_.-'    |           http://redis.io        
  `-._    `-._`-.__.-'_.-'    _.-'                                   
 |`-._`-._    `-.__.-'    _.-'_.-'|                                  
 |    `-._`-._        _.-'_.-'    |                                  
  `-._    `-._`-.__.-'_.-'    _.-'                                   
      `-._    `-.__.-'    _.-'                                       
          `-._        _.-'                                           
              `-.__.-'                                               

[5143] 05 Oct 22:39:40.567 # Server started, Redis version 2.8.17
[5143] 05 Oct 22:39:40.567 # WARNING overcommit_memory is set to 0! Background save may fail under low memory condition. To fix this issue add 'vm.overcommit_memory = 1' to /etc/sysctl.conf and then reboot or run the command 'sysctl vm.overcommit_memory=1' for this to take effect.
[5143] 05 Oct 22:39:42.200 * DB loaded from disk: 1.633 seconds
[5143] 05 Oct 22:39:42.200 * The server is now ready to accept connections on port 6379
[5143] 05 Oct 22:44:41.080 * 100 changes in 300 seconds. Saving...
[5143] 05 Oct 22:44:41.080 * Background saving started by pid 5159
[5159] 05 Oct 22:44:42.097 * DB saved on disk
[5159] 05 Oct 22:44:42.097 * RDB: 60 MB of memory used by copy-on-write
[5143] 05 Oct 22:44:42.183 * Background saving terminated with success
[5143] 05 Oct 22:54:27.983 * 100 changes in 300 seconds. Saving...
[5143] 05 Oct 22:54:27.984 * Background saving started by pid 5174
[5174] 05 Oct 22:54:29.265 * DB saved on disk
[5174] 05 Oct 22:54:29.265 * RDB: 78 MB of memory used by copy-on-write
[5143] 05 Oct 22:54:29.288 * Background saving terminated with success
[5143] 05 Oct 23:01:20.668 * 100 changes in 300 seconds. Saving...
[5143] 05 Oct 23:01:20.669 * Background saving started by pid 5348
[5348] 05 Oct 23:01:22.245 * DB saved on disk
[5348] 05 Oct 23:01:22.245 * RDB: 78 MB of memory used by copy-on-write
[5143] 05 Oct 23:01:22.273 * Background saving terminated with success
[5143] 05 Oct 23:06:23.057 * 100 changes in 300 seconds. Saving...
[5143] 05 Oct 23:06:23.057 * Background saving started by pid 5349
[5349] 05 Oct 23:06:24.070 * DB saved on disk
[5349] 05 Oct 23:06:24.070 * RDB: 60 MB of memory used by copy-on-write
[5143] 05 Oct 23:06:24.160 * Background saving terminated with success
[5143] 05 Oct 23:11:25.042 * 100 changes in 300 seconds. Saving...
[5143] 05 Oct 23:11:25.042 * Background saving started by pid 5362
[5362] 05 Oct 23:11:26.059 * DB saved on disk
[5362] 05 Oct 23:11:26.059 * RDB: 64 MB of memory used by copy-on-write
[5143] 05 Oct 23:11:26.144 * Background saving terminated with success
[5143] 05 Oct 23:16:27.046 * 100 changes in 300 seconds. Saving...
[5143] 05 Oct 23:16:27.047 * Background saving started by pid 5369
[5369] 05 Oct 23:16:28.087 * DB saved on disk
[5369] 05 Oct 23:16:28.088 * RDB: 90 MB of memory used by copy-on-write
[5143] 05 Oct 23:16:28.150 * Background saving terminated with success
[5143] 05 Oct 23:21:59.313 * 100 changes in 300 seconds. Saving...
[5143] 05 Oct 23:21:59.313 * Background saving started by pid 5390
[5390] 05 Oct 23:22:01.096 * DB saved on disk
[5390] 05 Oct 23:22:01.096 * RDB: 76 MB of memory used by copy-on-write
[5143] 05 Oct 23:22:01.117 * Background saving terminated with success
[5143] 05 Oct 23:27:08.333 * 100 changes in 300 seconds. Saving...
[5143] 05 Oct 23:27:08.334 * Background saving started by pid 5403
[5403] 05 Oct 23:27:09.891 * DB saved on disk
[5403] 05 Oct 23:27:09.891 * RDB: 92 MB of memory used by copy-on-write
[5143] 05 Oct 23:27:09.937 * Background saving terminated with success
[5143] 05 Oct 23:32:10.080 * 100 changes in 300 seconds. Saving...
[5143] 05 Oct 23:32:10.081 * Background saving started by pid 5566
[5566] 05 Oct 23:32:11.101 * DB saved on disk
[5566] 05 Oct 23:32:11.102 * RDB: 90 MB of memory used by copy-on-write
[5143] 05 Oct 23:32:11.184 * Background saving terminated with success
[5143] 05 Oct 23:36:35.912 * DB saved on disk
[5143] 05 Oct 23:37:36.065 * 10000 changes in 60 seconds. Saving...
[5143] 05 Oct 23:37:36.065 * Background saving started by pid 5590
[5590] 05 Oct 23:37:36.076 * DB saved on disk
[5590] 05 Oct 23:37:36.076 * RDB: 8 MB of memory used by copy-on-write
[5143] 05 Oct 23:37:36.166 * Background saving terminated with success
[5143] 05 Oct 23:41:53.021 * 10000 changes in 60 seconds. Saving...
[5143] 05 Oct 23:41:53.022 * Background saving started by pid 5599
[5599] 05 Oct 23:41:53.039 * DB saved on disk
[5599] 05 Oct 23:41:53.039 * RDB: 26 MB of memory used by copy-on-write
[5143] 05 Oct 23:41:53.122 * Background saving terminated with success
[5143] 05 Oct 23:46:54.033 * 100 changes in 300 seconds. Saving...
[5143] 05 Oct 23:46:54.034 * Background saving started by pid 5611
[5611] 05 Oct 23:46:54.053 * DB saved on disk
[5611] 05 Oct 23:46:54.054 * RDB: 24 MB of memory used by copy-on-write
[5143] 05 Oct 23:46:54.134 * Background saving terminated with success
[5143] 05 Oct 23:50:11.585 * 10000 changes in 60 seconds. Saving...
[5143] 05 Oct 23:50:11.586 * Background saving started by pid 5618
[5618] 05 Oct 23:50:11.641 * DB saved on disk
[5618] 05 Oct 23:50:11.641 * RDB: 48 MB of memory used by copy-on-write
[5143] 05 Oct 23:50:11.687 * Background saving terminated with success
[5143] 05 Oct 23:55:12.019 * 100 changes in 300 seconds. Saving...
[5143] 05 Oct 23:55:12.019 * Background saving started by pid 5629
[5629] 05 Oct 23:55:12.046 * DB saved on disk
[5629] 05 Oct 23:55:12.047 * RDB: 30 MB of memory used by copy-on-write
[5143] 05 Oct 23:55:12.120 * Background saving terminated with success
[5143] 06 Oct 00:00:13.005 * 100 changes in 300 seconds. Saving...
[5143] 06 Oct 00:00:13.006 * Background saving started by pid 5786
[5786] 06 Oct 00:00:13.032 * DB saved on disk
[5786] 06 Oct 00:00:13.032 * RDB: 28 MB of memory used by copy-on-write
[5143] 06 Oct 00:00:13.106 * Background saving terminated with success
[5143] 06 Oct 00:19:20.019 * 100 changes in 300 seconds. Saving...
[5143] 06 Oct 00:19:20.020 * Background saving started by pid 5813
[5813] 06 Oct 00:19:20.050 * DB saved on disk
[5813] 06 Oct 00:19:20.051 * RDB: 40 MB of memory used by copy-on-write
[5143] 06 Oct 00:19:20.120 * Background saving terminated with success
[5143] 06 Oct 00:24:21.015 * 100 changes in 300 seconds. Saving...
[5143] 06 Oct 00:24:21.015 * Background saving started by pid 5971
[5971] 06 Oct 00:24:21.045 * DB saved on disk
[5971] 06 Oct 00:24:21.045 * RDB: 36 MB of memory used by copy-on-write
[5143] 06 Oct 00:24:21.116 * Background saving terminated with success
[5143] 06 Oct 00:35:01.803 * DB saved on disk
[5143] 06 Oct 00:36:02.052 * 10000 changes in 60 seconds. Saving...
[5143] 06 Oct 00:36:02.053 * Background saving started by pid 6570
[6570] 06 Oct 00:36:02.066 * DB saved on disk
[6570] 06 Oct 00:36:02.067 * RDB: 6 MB of memory used by copy-on-write
[5143] 06 Oct 00:36:02.153 * Background saving terminated with success
[5143] 06 Oct 00:41:03.093 * 100 changes in 300 seconds. Saving...
[5143] 06 Oct 00:41:03.094 * Background saving started by pid 6798
[6798] 06 Oct 00:41:03.108 * DB saved on disk
[6798] 06 Oct 00:41:03.108 * RDB: 6 MB of memory used by copy-on-write
[5143] 06 Oct 00:41:03.194 * Background saving terminated with success
[5143] 06 Oct 00:44:01.140 * 10000 changes in 60 seconds. Saving...
[5143] 06 Oct 00:44:01.141 * Background saving started by pid 6811
[6811] 06 Oct 00:44:01.181 * DB saved on disk
[6811] 06 Oct 00:44:01.182 * RDB: 11 MB of memory used by copy-on-write
[5143] 06 Oct 00:44:01.241 * Background saving terminated with success
[5143] 06 Oct 00:49:02.028 * 100 changes in 300 seconds. Saving...
[5143] 06 Oct 00:49:02.029 * Background saving started by pid 6958
[6958] 06 Oct 00:49:02.050 * DB saved on disk
[6958] 06 Oct 00:49:02.051 * RDB: 6 MB of memory used by copy-on-write
[5143] 06 Oct 00:49:02.129 * Background saving terminated with success
